# JRE version: Java(TM) SE Runtime Environment (11.0.2+9) (build 11.0.2+9-LTS)
# Java VM: Java HotSpot(TM) 64-Bit Server VM (11.0.2+9-LTS, mixed mode, tiered, compressed oops, parallel gc, windows-amd64)
Heap:
 PSYoungGen      total 14336K, used 3719K [0x00000000eab00000, 0x00000000ebc80000, 0x0000000100000000)
  eden space 13312K, 23% used [0x00000000eab00000,0x00000000eae07368,0x00000000eb800000)
  from space 1024K, 60% used [0x00000000eb800000,0x00000000eb89a8d8,0x00000000eb900000)
  to   space 1024K, 0% used [0x00000000ebb80000,0x00000000ebb80000,0x00000000ebc80000)
 ParOldGen       total 117248K, used 85721K [0x00000000c0000000, 0x00000000c7280000, 0x00000000eab00000)
  object space 117248K, 73% used [0x00000000c0000000,0x00000000c53b64e0,0x00000000c7280000)
 Metaspace       used 79556K, capacity 82635K, committed 83224K, reserved 1124352K
  class space    used 7177K, capacity 8412K, committed 8576K, reserved 1048576K
GC Heap History (10 events):
Event: 17727.580 GC heap after
{Heap after GC invocations=954 (full 33):
 PSYoungGen      total 9728K, used 1002K [0x00000000eab00000, 0x00000000eb880000, 0x0000000100000000)
  eden space 8704K, 0% used [0x00000000eab00000,0x00000000eab00000,0x00000000eb380000)
  from space 1024K, 97% used [0x00000000eb600000,0x00000000eb6fa8d8,0x00000000eb700000)
  to   space 1536K, 0% used [0x00000000eb700000,0x00000000eb700000,0x00000000eb880000)
 ParOldGen       total 117248K, used 110889K [0x00000000c0000000, 0x00000000c7280000, 0x00000000eab00000)
  object space 117248K, 94% used [0x00000000c0000000,0x00000000c6c4a6d0,0x00000000c7280000)
 Metaspace       used 79434K, capacity 82505K, committed 82968K, reserved 1124352K
  class space    used 7163K, capacity 8412K, committed 8576K, reserved 1048576K
}
Event: 17727.653 GC heap before
{Heap before GC invocations=955 (full 33):
 PSYoungGen      total 9728K, used 9706K [0x00000000eab00000, 0x00000000eb880000, 0x0000000100000000)
  eden space 8704K, 100% used [0x00000000eab00000,0x00000000eb380000,0x00000000eb380000)
  from space 1024K, 97% used [0x00000000eb600000,0x00000000eb6fa8d8,0x00000000eb700000)
  to   space 1536K, 0% used [0x00000000eb700000,0x00000000eb700000,0x00000000eb880000)
 ParOldGen       total 117248K, used 110889K [0x00000000c0000000, 0x00000000c7280000, 0x00000000eab00000)
  object space 117248K, 94% used [0x00000000c0000000,0x00000000c6c4a6d0,0x00000000c7280000)
 Metaspace       used 79493K, capacity 82569K, committed 82968K, reserved 1124352K
  class space    used 7169K, capacity 8412K, committed 8576K, reserved 1048576K
}
Event: 17727.662 GC heap after
{Heap after GC invocations=955 (full 33):
 PSYoungGen      total 8192K, used 1518K [0x00000000eab00000, 0x00000000ebe80000, 0x0000000100000000)
  eden space 6656K, 0% used [0x00000000eab00000,0x00000000eab00000,0x00000000eb180000)
  from space 1536K, 98% used [0x00000000eb700000,0x00000000eb87b8d8,0x00000000eb880000)
  to   space 5632K, 0% used [0x00000000eb180000,0x00000000eb180000,0x00000000eb700000)
 ParOldGen       total 117248K, used 113911K [0x00000000c0000000, 0x00000000c7280000, 0x00000000eab00000)
  object space 117248K, 97% used [0x00000000c0000000,0x00000000c6f3df98,0x00000000c7280000)
 Metaspace       used 79493K, capacity 82569K, committed 82968K, reserved 1124352K
  class space    used 7169K, capacity 8412K, committed 8576K, reserved 1048576K
}
Event: 17727.662 GC heap before
{Heap before GC invocations=956 (full 34):
 PSYoungGen      total 8192K, used 1518K [0x00000000eab00000, 0x00000000ebe80000, 0x0000000100000000)
  eden space 6656K, 0% used [0x00000000eab00000,0x00000000eab00000,0x00000000eb180000)
  from space 1536K, 98% used [0x00000000eb700000,0x00000000eb87b8d8,0x00000000eb880000)
  to   space 5632K, 0% used [0x00000000eb180000,0x00000000eb180000,0x00000000eb700000)
 ParOldGen       total 117248K, used 113911K [0x00000000c0000000, 0x00000000c7280000, 0x00000000eab00000)
  object space 117248K, 97% used [0x00000000c0000000,0x00000000c6f3df98,0x00000000c7280000)
 Metaspace       used 79493K, capacity 82569K, committed 82968K, reserved 1124352K
  class space    used 7169K, capacity 8412K, committed 8576K, reserved 1048576K
}
Event: 17728.034 GC heap after
{Heap after GC invocations=956 (full 34):
 PSYoungGen      total 12288K, used 0K [0x00000000eab00000, 0x00000000ebc80000, 0x0000000100000000)
  eden space 6656K, 0% used [0x00000000eab00000,0x00000000eab00000,0x00000000eb180000)
  from space 5632K, 0% used [0x00000000eb180000,0x00000000eb180000,0x00000000eb700000)
  to   space 5632K, 0% used [0x00000000eb700000,0x00000000eb700000,0x00000000ebc80000)
 ParOldGen       total 117248K, used 80361K [0x00000000c0000000, 0x00000000c7280000, 0x00000000eab00000)
  object space 117248K, 68% used [0x00000000c0000000,0x00000000c4e7a710,0x00000000c7280000)
 Metaspace       used 79493K, capacity 82569K, committed 82968K, reserved 1124352K
  class space    used 7169K, capacity 8412K, committed 8576K, reserved 1048576K
}
Event: 17728.074 GC heap before
{Heap before GC invocations=957 (full 34):
 PSYoungGen      total 12288K, used 6656K [0x00000000eab00000, 0x00000000ebc80000, 0x0000000100000000)
  eden space 6656K, 100% used [0x00000000eab00000,0x00000000eb180000,0x00000000eb180000)
  from space 5632K, 0% used [0x00000000eb180000,0x00000000eb180000,0x00000000eb700000)
  to   space 5632K, 0% used [0x00000000eb700000,0x00000000eb700000,0x00000000ebc80000)
 ParOldGen       total 117248K, used 80361K [0x00000000c0000000, 0x00000000c7280000, 0x00000000eab00000)
  object space 117248K, 68% used [0x00000000c0000000,0x00000000c4e7a710,0x00000000c7280000)
 Metaspace       used 79545K, capacity 82633K, committed 83224K, reserved 1124352K
  class space    used 7177K, capacity 8412K, committed 8576K, reserved 1048576K
}
Event: 17728.080 GC heap after
{Heap after GC invocations=957 (full 34):
 PSYoungGen      total 8192K, used 1454K [0x00000000eab00000, 0x00000000eb880000, 0x0000000100000000)
  eden space 6656K, 0% used [0x00000000eab00000,0x00000000eab00000,0x00000000eb180000)
  from space 1536K, 94% used [0x00000000eb700000,0x00000000eb86bab0,0x00000000eb880000)
  to   space 3072K, 0% used [0x00000000eb280000,0x00000000eb280000,0x00000000eb580000)
 ParOldGen       total 117248K, used 80361K [0x00000000c0000000, 0x00000000c7280000, 0x00000000eab00000)
  object space 117248K, 68% used [0x00000000c0000000,0x00000000c4e7a710,0x00000000c7280000)
 Metaspace       used 79545K, capacity 82633K, committed 83224K, reserved 1124352K
  class space    used 7177K, capacity 8412K, committed 8576K, reserved 1048576K
}
Event: 17728.106 GC heap before
{Heap before GC invocations=958 (full 34):
 PSYoungGen      total 8192K, used 8110K [0x00000000eab00000, 0x00000000eb880000, 0x0000000100000000)
  eden space 6656K, 100% used [0x00000000eab00000,0x00000000eb180000,0x00000000eb180000)
  from space 1536K, 94% used [0x00000000eb700000,0x00000000eb86bab0,0x00000000eb880000)
  to   space 3072K, 0% used [0x00000000eb280000,0x00000000eb280000,0x00000000eb580000)
 ParOldGen       total 117248K, used 80361K [0x00000000c0000000, 0x00000000c7280000, 0x00000000eab00000)
  object space 117248K, 68% used [0x00000000c0000000,0x00000000c4e7a710,0x00000000c7280000)
 Metaspace       used 79545K, capacity 82633K, committed 83224K, reserved 1124352K
  class space    used 7177K, capacity 8412K, committed 8576K, reserved 1048576K
}
Event: 17728.113 GC heap after
{Heap after GC invocations=958 (full 34):
 PSYoungGen      total 9728K, used 1184K [0x00000000eab00000, 0x00000000eb780000, 0x0000000100000000)
  eden space 6656K, 0% used [0x00000000eab00000,0x00000000eab00000,0x00000000eb180000)
  from space 3072K, 38% used [0x00000000eb280000,0x00000000eb3a8000,0x00000000eb580000)
  to   space 1536K, 0% used [0x00000000eb600000,0x00000000eb600000,0x00000000eb780000)
 ParOldGen       total 117248K, used 81762K [0x00000000c0000000, 0x00000000c7280000, 0x00000000eab00000)
  object space 117248K, 69% used [0x00000000c0000000,0x00000000c4fd89d0,0x00000000c7280000)
 Metaspace       used 79545K, capacity 82633K, committed 83224K, reserved 1124352K
  class space    used 7177K, capacity 8412K, committed 8576K, reserved 1048576K
}
Event: 17728.139 GC heap before
{Heap before GC invocations=959 (full 34):
 PSYoungGen      total 9728K, used 7840K [0x00000000eab00000, 0x00000000eb780000, 0x0000000100000000)
  eden space 6656K, 100% used [0x00000000eab00000,0x00000000eb180000,0x00000000eb180000)
  from space 3072K, 38% used [0x00000000eb280000,0x00000000eb3a8000,0x00000000eb580000)
  to   space 1536K, 0% used [0x00000000eb600000,0x00000000eb600000,0x00000000eb780000)
 ParOldGen       total 117248K, used 81762K [0x00000000c0000000, 0x00000000c7280000, 0x00000000eab00000)
  object space 117248K, 69% used [0x00000000c0000000,0x00000000c4fd89d0,0x00000000c7280000)
 Metaspace       used 79545K, capacity 82633K, committed 83224K, reserved 1124352K
  class space    used 7177K, capacity 8412K, committed 8576K, reserved 1048576K
}

